Copyright 1986-2019 Xilinx, Inc. All Rights Reserved.
------------------------------------------------------------------------------------------------
| Tool Version : Vivado v.2019.1 (win64) Build 2552052 Fri May 24 14:49:42 MDT 2019
| Date         : Sun Jun 28 02:38:20 2026
| Host         : LAPTOP-1OQIVDMF running 64-bit major release  (build 9200)
| Command      : report_control_sets -verbose -file reaction_system_top_control_sets_placed.rpt
| Design       : reaction_system_top
| Device       : xc7z020
------------------------------------------------------------------------------------------------

Control Set Information

Table of Contents
-----------------
1. Summary
2. Histogram
3. Flip-Flop Distribution
4. Detailed Control Set Information

1. Summary
----------

+----------------------------------------------------------+-------+
|                          Status                          | Count |
+----------------------------------------------------------+-------+
| Total control sets                                       |     7 |
|    Minimum number of control sets                        |     7 |
|    Addition due to synthesis replication                 |     0 |
|    Addition due to physical synthesis replication        |     0 |
| Unused register locations in slices containing registers |    21 |
+----------------------------------------------------------+-------+
* Control sets can be merged at opt_design using control_set_merge or merge_equivalent_drivers
** Run report_qor_suggestions for automated merging and remapping suggestions


2. Histogram
------------

+--------------------+-------+
|       Fanout       | Count |
+--------------------+-------+
| Total control sets |     7 |
| >= 0 to < 4        |     0 |
| >= 4 to < 6        |     0 |
| >= 6 to < 8        |     0 |
| >= 8 to < 10       |     0 |
| >= 10 to < 12      |     0 |
| >= 12 to < 14      |     5 |
| >= 14 to < 16      |     0 |
| >= 16              |     2 |
+--------------------+-------+
* Control sets can be remapped at either synth_design or opt_design


3. Flip-Flop Distribution
-------------------------

+--------------+-----------------------+------------------------+-----------------+--------------+
| Clock Enable | Synchronous Set/Reset | Asynchronous Set/Reset | Total Registers | Total Slices |
+--------------+-----------------------+------------------------+-----------------+--------------+
| No           | No                    | No                     |               0 |            0 |
| No           | No                    | Yes                    |             155 |           63 |
| No           | Yes                   | No                     |               0 |            0 |
| Yes          | No                    | No                     |               0 |            0 |
| Yes          | No                    | Yes                    |             104 |           37 |
| Yes          | Yes                   | No                     |               0 |            0 |
+--------------+-----------------------+------------------------+-----------------+--------------+


4. Detailed Control Set Information
-----------------------------------

+----------------+------------------------------------------------------+--------------------+------------------+----------------+
|  Clock Signal  |                     Enable Signal                    |  Set/Reset Signal  | Slice Load Count | Bel Load Count |
+----------------+------------------------------------------------------+--------------------+------------------+----------------+
|  clk_IBUF_BUFG | u_core/u_controller/FSM_sequential_state_reg[2]_2[0] | u_core/u_rng/rst_n |                4 |             13 |
|  clk_IBUF_BUFG | u_core/u_controller/FSM_sequential_state_reg[2]_5    | u_core/u_rng/rst_n |                4 |             13 |
|  clk_IBUF_BUFG | u_core/u_controller/reaction_time_ms[12]_i_1_n_0     | u_core/u_rng/rst_n |                8 |             13 |
|  clk_IBUF_BUFG | u_core/u_controller/wait_target_ms0                  | u_core/u_rng/rst_n |                4 |             13 |
|  clk_IBUF_BUFG | u_core/u_controller/score_push_valid_i_1_n_0         | u_core/u_rng/rst_n |                4 |             13 |
|  clk_IBUF_BUFG | u_core/u_controller/E[0]                             | u_core/u_rng/rst_n |               13 |             39 |
|  clk_IBUF_BUFG |                                                      | u_core/u_rng/rst_n |               63 |            155 |
+----------------+------------------------------------------------------+--------------------+------------------+----------------+


