Copyright 1986-2019 Xilinx, Inc. All Rights Reserved.
-----------------------------------------------------------------------------------------------------------------------------------------------------------------------------------------------
| Tool Version : Vivado v.2019.1 (win64) Build 2552052 Fri May 24 14:49:42 MDT 2019
| Date         : Sun Jun 28 02:39:01 2026
| Host         : LAPTOP-1OQIVDMF running 64-bit major release  (build 9200)
| Command      : report_methodology -file reaction_system_top_methodology_drc_routed.rpt -pb reaction_system_top_methodology_drc_routed.pb -rpx reaction_system_top_methodology_drc_routed.rpx
| Design       : reaction_system_top
| Device       : xc7z020clg484-2
| Speed File   : -2
| Design State : Fully Routed
-----------------------------------------------------------------------------------------------------------------------------------------------------------------------------------------------

Report Methodology

Table of Contents
-----------------
1. REPORT SUMMARY
2. REPORT DETAILS

1. REPORT SUMMARY
-----------------
            Netlist: netlist
          Floorplan: design_1
      Design limits: <entire design considered>
             Max violations: <unlimited>
             Violations found: 16
+-----------+----------+-------------------------------+------------+
| Rule      | Severity | Description                   | Violations |
+-----------+----------+-------------------------------+------------+
| LUTAR-1   | Warning  | LUT drives async reset alert  | 1          |
| TIMING-18 | Warning  | Missing input or output delay | 15         |
+-----------+----------+-------------------------------+------------+

2. REPORT DETAILS
-----------------
LUTAR-1#1 Warning
LUT drives async reset alert  
LUT cell u_react_debounce/btn_press_pulse_i_1__0, with 2 or more inputs, drives asynchronous preset/clear pin(s) u_buzzer/beep_active_reg/CLR, u_buzzer/beep_cnt_reg[0]/CLR, u_buzzer/beep_cnt_reg[10]/CLR, u_buzzer/beep_cnt_reg[11]/CLR, u_buzzer/beep_cnt_reg[12]/CLR, u_buzzer/beep_cnt_reg[13]/CLR, u_buzzer/beep_cnt_reg[14]/CLR, u_buzzer/beep_cnt_reg[15]/CLR, u_buzzer/beep_cnt_reg[16]/CLR, u_buzzer/beep_cnt_reg[17]/CLR, u_buzzer/beep_cnt_reg[18]/CLR, u_buzzer/beep_cnt_reg[19]/CLR, u_buzzer/beep_cnt_reg[1]/CLR, u_buzzer/beep_cnt_reg[20]/CLR, u_buzzer/beep_cnt_reg[21]/CLR (the first 15 of 259 listed). The LUT may glitch and trigger an unexpected reset, even if it is a properly timed path.
Related violations: <none>

TIMING-18#1 Warning
Missing input or output delay  
An input delay is missing on btn_react_raw relative to clock(s) clk_50m
Related violations: <none>

TIMING-18#2 Warning
Missing input or output delay  
An input delay is missing on btn_start_raw relative to clock(s) clk_50m
Related violations: <none>

TIMING-18#3 Warning
Missing input or output delay  
An input delay is missing on rst_n relative to clock(s) clk_50m
Related violations: <none>

TIMING-18#4 Warning
Missing input or output delay  
An output delay is missing on buzzer relative to clock(s) clk_50m
Related violations: <none>

TIMING-18#5 Warning
Missing input or output delay  
An output delay is missing on dig1 relative to clock(s) clk_50m
Related violations: <none>

TIMING-18#6 Warning
Missing input or output delay  
An output delay is missing on dig2 relative to clock(s) clk_50m
Related violations: <none>

TIMING-18#7 Warning
Missing input or output delay  
An output delay is missing on dig3 relative to clock(s) clk_50m
Related violations: <none>

TIMING-18#8 Warning
Missing input or output delay  
An output delay is missing on dig4 relative to clock(s) clk_50m
Related violations: <none>

TIMING-18#9 Warning
Missing input or output delay  
An output delay is missing on seg_a relative to clock(s) clk_50m
Related violations: <none>

TIMING-18#10 Warning
Missing input or output delay  
An output delay is missing on seg_b relative to clock(s) clk_50m
Related violations: <none>

TIMING-18#11 Warning
Missing input or output delay  
An output delay is missing on seg_c relative to clock(s) clk_50m
Related violations: <none>

TIMING-18#12 Warning
Missing input or output delay  
An output delay is missing on seg_d relative to clock(s) clk_50m
Related violations: <none>

TIMING-18#13 Warning
Missing input or output delay  
An output delay is missing on seg_e relative to clock(s) clk_50m
Related violations: <none>

TIMING-18#14 Warning
Missing input or output delay  
An output delay is missing on seg_f relative to clock(s) clk_50m
Related violations: <none>

TIMING-18#15 Warning
Missing input or output delay  
An output delay is missing on seg_g relative to clock(s) clk_50m
Related violations: <none>


